<?xml version="1.0" encoding="UTF-8"?>
<testng-results ignored="0" total="1" passed="1" failed="0" skipped="0">
  <reporter-output>
  </reporter-output>
  <suite started-at="2023-08-01T18:02:27 IST" name="Default suite" finished-at="2023-08-01T18:03:06 IST" duration-ms="38057">
    <groups>
    </groups>
    <test started-at="2023-08-01T18:02:27 IST" name="Default test" finished-at="2023-08-01T18:03:06 IST" duration-ms="38057">
      <class name="com.goodreads.testscript.AddBookAssignment">
        <test-method is-config="true" signature="openBrowser()[pri:0, instance:com.goodreads.testscript.AddBookAssignment@1e683a3e]" started-at="2023-08-01T18:02:28 IST" name="openBrowser" finished-at="2023-08-01T18:02:29 IST" duration-ms="1703" status="PASS">
          <reporter-output>
          </reporter-output>
        </test-method> <!-- openBrowser -->
        <test-method is-config="true" signature="login()[pri:0, instance:com.goodreads.testscript.AddBookAssignment@1e683a3e]" started-at="2023-08-01T18:02:29 IST" name="login" finished-at="2023-08-01T18:02:40 IST" duration-ms="10466" status="PASS">
          <reporter-output>
          </reporter-output>
        </test-method> <!-- login -->
        <test-method signature="testAddAndRemoveBook()[pri:0, instance:com.goodreads.testscript.AddBookAssignment@1e683a3e]" started-at="2023-08-01T18:02:40 IST" name="testAddAndRemoveBook" finished-at="2023-08-01T18:02:59 IST" duration-ms="19530" status="PASS">
          <reporter-output>
          </reporter-output>
        </test-method> <!-- testAddAndRemoveBook -->
        <test-method is-config="true" signature="logout()[pri:0, instance:com.goodreads.testscript.AddBookAssignment@1e683a3e]" started-at="2023-08-01T18:02:59 IST" name="logout" finished-at="2023-08-01T18:03:05 IST" duration-ms="6040" status="PASS">
          <reporter-output>
          </reporter-output>
        </test-method> <!-- logout -->
        <test-method is-config="true" signature="closeBrowser()[pri:0, instance:com.goodreads.testscript.AddBookAssignment@1e683a3e]" started-at="2023-08-01T18:03:05 IST" name="closeBrowser" finished-at="2023-08-01T18:03:06 IST" duration-ms="272" status="PASS">
          <reporter-output>
          </reporter-output>
        </test-method> <!-- closeBrowser -->
      </class> <!-- com.goodreads.testscript.AddBookAssignment -->
    </test> <!-- Default test -->
  </suite> <!-- Default suite -->
</testng-results>
